<?xml version="1.0" encoding="UTF-8"?>
<!-- Generated by org.testng.reporters.JUnitReportReporter -->
<testsuite skipped="0" hostname="Aksha" name="testng.FirstClass" tests="1" failures="0" timestamp="12 Aug 2017 14:08:30 GMT" time="0.131" errors="0">
  <testcase name="f" time="0.131" classname="testng.FirstClass"/>
</testsuite> <!-- testng.FirstClass -->
